2026-03-22 22:45:52 INFO  AirportManager - Добавлен аппарат: 123
2026-03-22 22:46:13,256 INFO  com.example.airport.AirportManager - Добавлен аппарат: 123
2026-03-22 23:04:16,435 INFO  com.example.airport.AirportManager - Добавлен аппарат: Boing 137
2026-03-22 23:05:34,763 INFO  com.example.airport.AirportManager - Добавлен аппарат: Robot
2026-03-22 23:05:55,051 INFO  com.example.airport.AirportManager - Добавлен аппарат: Boing 125
2026-03-22 23:08:34,315 INFO  com.example.airport.AirportManager - Добавлен аппарат: 123
2026-03-22 23:09:40,715 INFO  com.example.airport.AirportManager - Добавлен аппарат: 123
2026-03-22 23:12:14,463 INFO  com.example.airport.AirportManager - Добавлен аппарат: Boing
2026-03-22 23:13:16,569 INFO  com.example.airport.AirportManager - Добавлен аппарат: Boing 137
2026-03-22 23:14:24,415 INFO  com.example.airport.AirportManager - Добавлен аппарат: 123
2026-03-22 23:14:48,418 INFO  com.example.airport.AirportManager - Добавлен аппарат: 234
2026-03-22 23:16:52,423 INFO  com.example.airport.AirportManager - Добавлен аппарат: 123
2026-03-22 23:17:00,760 INFO  com.example.airport.AirportManager - Добавлен аппарат: 123
2026-03-22 23:17:08,063 INFO  com.example.airport.AirportManager - Добавлен аппарат: 345
2026-03-22 23:18:28,312 ERROR com.example.airport.AirportManager - Ошибка доступа при удалении
2026-03-22 23:18:46,168 ERROR com.example.airport.AirportManager - Ошибка доступа при удалении
2026-03-22 23:19:17,794 INFO  com.example.airport.AirportManager - Добавлен аппарат: 1
2026-03-22 23:19:49,336 INFO  com.example.airport.AirportManager - Данные сохранены в fleet.dat
2026-03-22 23:19:57,544 INFO  com.example.airport.AirportManager - Данные загружены из fleet.dat
2026-03-22 23:20:15,485 ERROR com.example.airport.AirportManager - Ошибка доступа при удалении
2026-03-22 23:30:21,249 INFO  com.example.airport.AirportManager - Данные загружены из fleet.dat
2026-03-22 23:30:29,767 INFO  com.example.airport.AirportManager - Удален аппарат: 123 (индекс 2)
2026-03-22 23:31:44,233 INFO  com.example.airport.AirportManager - Данные загружены из fleet.dat
2026-03-22 23:31:54,387 WARN  com.example.airport.AirportManager - Попытка удаления по несуществующему индексу: 0
2026-03-22 23:32:51,138 INFO  com.example.airport.AirportManager - Данные загружены из fleet.dat
2026-03-22 23:32:55,945 INFO  com.example.airport.AirportManager - Удален аппарат: 1 (индекс 0)
2026-03-22 23:34:30,521 INFO  com.example.airport.AirportManager - Данные загружены из fleet.dat
2026-03-22 23:54:55,294 INFO  com.example.airport.AirportManager - Данные загружены из fleet.dat
2026-03-22 23:57:22,451 INFO  com.example.airport.AirportManager - Добавлен аппарат: 123
2026-03-22 23:57:45,517 INFO  com.example.airport.AirportManager - Добавлен аппарат: 123
2026-03-23 00:04:36,974 INFO  com.example.airport.AirportManager - Добавлен аппарат: 123
2026-03-23 00:14:10,850 ERROR com.example.airport.AirportManager - Некорректный ввод числа. Ожидалось int, получено: 'a'
2026-03-23 00:14:18,339 WARN  com.example.airport.AirportManager - Пользователь ввел недопустимый год: 1902
2026-03-23 00:14:22,749 ERROR com.example.airport.AirportManager - Некорректный ввод числа. Ожидалось int, получено: 'a'
2026-03-23 00:14:33,001 INFO  com.example.airport.AirportManager - Добавлен аппарат: 123
2026-03-24 18:12:01,604 INFO  com.example.airport.AirportManager - Данные загружены из fleet.dat
2026-03-24 18:12:15,954 INFO  com.example.airport.AirportManager - Изменены данные для: 1
2026-03-24 18:59:27,723 INFO  com.example.airport.AirportManager - Данные сохранены в fleet.dat
2026-03-24 18:59:52,015 WARN  com.example.airport.AirportManager - Пользователь ввел недопустимый год: 3545
2026-03-24 19:00:09,823 INFO  com.example.airport.AirportManager - Добавлен аппарат: 1243
2026-03-24 19:00:45,630 INFO  com.example.airport.AirportManager - Аппарат отредактирован: 1243 → 4567
2026-03-24 19:01:07,936 INFO  com.example.airport.AirportManager - Данные загружены из fleet.dat
2026-03-24 19:01:42,895 INFO  com.example.airport.AirportManager - Добавлен аппарат: 1234
2026-03-24 19:01:46,840 INFO  com.example.airport.AirportManager - Данные сохранены в fleet.dat
2026-03-24 19:02:09,942 INFO  com.example.airport.AirportManager - Данные загружены из fleet.dat
2026-03-24 19:16:59,983 INFO  com.example.airport.AirportManager - Данные загружены из fleet.dat
2026-03-24 19:17:13,772 WARN  com.example.airport.AirportManager - Пользователь ввел недопустимый год: 2
2026-03-24 19:17:20,664 ERROR com.example.airport.AirportManager - Некорректный ввод числа. Ожидалось int, получено: 'drt'
2026-03-24 19:17:27,887 INFO  com.example.airport.AirportManager - Добавлен аппарат: booing
2026-03-24 19:18:13,408 INFO  com.example.airport.AirportManager - Добавлен аппарат: 45r657
2026-03-24 19:18:31,965 INFO  com.example.airport.AirportManager - Данные сохранены в fleet.dat
2026-03-24 19:18:49,996 INFO  com.example.airport.AirportManager - Данные загружены из fleet.dat
